<?xml version="1.0" encoding="UTF-8"?>
<!-- Generated by org.testng.reporters.JUnitXMLReporter -->
<testsuite hostname="DMIPCNOI14007" ignored="0" name="Test" tests="1" failures="1" timestamp="02 Feb 2018 10:18:10 GMT" time="158.717" errors="0">
  <testcase name="setUp" time="158.711" classname="TestCases.Main_Class">
    <failure type="java.lang.NullPointerException">
      <![CDATA[java.lang.NullPointerExceptionat org.openqa.selenium.support.pagefactory.DefaultElementLocator.findElement(DefaultElementLocator.java:69)at org.openqa.selenium.support.pagefactory.internal.LocatingElementHandler.invoke(LocatingElementHandler.java:38)at com.sun.proxy.$Proxy8.click(Unknown Source)at TestCases.Details.AboutYou(Details.java:37)at TestCases.Main_Class.setUp(Main_Class.java:53)... Removed 25 stack frames]]>
    </failure>
  </testcase> <!-- setUp -->
</testsuite> <!-- Test -->
